2025-12-24T11:57:54.708+08:00  INFO 24800 --- [main] c.s.blogsystem.BlogsystemApplication     : Starting BlogsystemApplication using Java 18 with PID 24800 (D:\codeC\java-int\JDK18\bit_courseJAVA\JavaEE\blogsystem\target\classes started by 47894 in D:\codeC\java-int\JDK18\bit_courseJAVA\JavaEE\blogsystem)
2025-12-24T11:57:54.712+08:00  INFO 24800 --- [main] c.s.blogsystem.BlogsystemApplication     : No active profile set, falling back to 1 default profile: "default"
2025-12-24T11:57:55.386+08:00  INFO 24800 --- [main] o.s.b.w.embedded.tomcat.TomcatWebServer  : Tomcat initialized with port 8080 (http)
2025-12-24T11:57:55.397+08:00  INFO 24800 --- [main] o.apache.catalina.core.StandardService   : Starting service [Tomcat]
2025-12-24T11:57:55.398+08:00  INFO 24800 --- [main] o.apache.catalina.core.StandardEngine    : Starting Servlet engine: [Apache Tomcat/10.1.50]
2025-12-24T11:57:55.436+08:00  INFO 24800 --- [main] o.a.c.c.C.[Tomcat].[localhost].[/]       : Initializing Spring embedded WebApplicationContext
2025-12-24T11:57:55.437+08:00  INFO 24800 --- [main] w.s.c.ServletWebServerApplicationContext : Root WebApplicationContext: initialization completed in 692 ms
2025-12-24T11:57:55.972+08:00  INFO 24800 --- [main] o.s.b.w.embedded.tomcat.TomcatWebServer  : Tomcat started on port 8080 (http) with context path '/'
2025-12-24T11:57:55.979+08:00  INFO 24800 --- [main] c.s.blogsystem.BlogsystemApplication     : Started BlogsystemApplication in 1.643 seconds (process running for 2.118)
2025-12-24T11:58:37.284+08:00  INFO 24800 --- [http-nio-8080-exec-1] o.a.c.c.C.[Tomcat].[localhost].[/]       : Initializing Spring DispatcherServlet 'dispatcherServlet'
2025-12-24T11:58:37.285+08:00  INFO 24800 --- [http-nio-8080-exec-1] o.s.web.servlet.DispatcherServlet        : Initializing Servlet 'dispatcherServlet'
2025-12-24T11:58:37.286+08:00  INFO 24800 --- [http-nio-8080-exec-1] o.s.web.servlet.DispatcherServlet        : Completed initialization in 0 ms
2025-12-24T11:58:37.347+08:00  INFO 24800 --- [http-nio-8080-exec-1] c.s.b.controller.UserController          : controller
2025-12-24T11:58:37.409+08:00  INFO 24800 --- [http-nio-8080-exec-1] com.zaxxer.hikari.HikariDataSource       : HikariPool-1 - Starting...
2025-12-24T11:58:37.541+08:00  INFO 24800 --- [http-nio-8080-exec-1] com.zaxxer.hikari.pool.HikariPool        : HikariPool-1 - Added connection com.mysql.cj.jdbc.ConnectionImpl@73076a12
2025-12-24T11:58:37.543+08:00  INFO 24800 --- [http-nio-8080-exec-1] com.zaxxer.hikari.HikariDataSource       : HikariPool-1 - Start completed.
2025-12-24T11:58:37.593+08:00  INFO 24800 --- [http-nio-8080-exec-1] c.s.b.service.impl.UserServiceImpl       : success
2025-12-24T11:58:42.263+08:00  INFO 24800 --- [http-nio-8080-exec-6] c.s.b.controller.UserController          : controller
2025-12-24T11:58:42.265+08:00  INFO 24800 --- [http-nio-8080-exec-6] c.s.b.service.impl.UserServiceImpl       : success
2025-12-24T11:58:43.608+08:00  INFO 24800 --- [http-nio-8080-exec-4] c.s.b.controller.UserController          : controller
2025-12-24T11:58:43.611+08:00  INFO 24800 --- [http-nio-8080-exec-4] c.s.b.service.impl.UserServiceImpl       : success
2025-12-24T11:58:54.754+08:00  INFO 24800 --- [http-nio-8080-exec-5] c.s.b.controller.UserController          : controller
2025-12-24T11:58:54.756+08:00  INFO 24800 --- [http-nio-8080-exec-5] c.s.b.service.impl.UserServiceImpl       : userInfo is null
2025-12-24T11:58:54.757+08:00 ERROR 24800 --- [http-nio-8080-exec-5] c.s.b.common.advice.ExceptionAdvice      : 【系统异常】{}

BlogException(code=-1, errMsg=用户不存在)
	at com.spring.blogsystem.service.impl.UserServiceImpl.checkPassword(UserServiceImpl.java:33) ~[classes/:na]
	at com.spring.blogsystem.controller.UserController.login(UserController.java:26) ~[classes/:na]
	at java.base/jdk.internal.reflect.DirectMethodHandleAccessor.invoke(DirectMethodHandleAccessor.java:104) ~[na:na]
	at java.base/java.lang.reflect.Method.invoke(Method.java:577) ~[na:na]
	at org.springframework.web.method.support.InvocableHandlerMethod.doInvoke(InvocableHandlerMethod.java:258) ~[spring-web-6.2.15.jar:6.2.15]
	at org.springframework.web.method.support.InvocableHandlerMethod.invokeForRequest(InvocableHandlerMethod.java:191) ~[spring-web-6.2.15.jar:6.2.15]
	at org.springframework.web.servlet.mvc.method.annotation.ServletInvocableHandlerMethod.invokeAndHandle(ServletInvocableHandlerMethod.java:118) ~[spring-webmvc-6.2.15.jar:6.2.15]
	at org.springframework.web.servlet.mvc.method.annotation.RequestMappingHandlerAdapter.invokeHandlerMethod(RequestMappingHandlerAdapter.java:991) ~[spring-webmvc-6.2.15.jar:6.2.15]
	at org.springframework.web.servlet.mvc.method.annotation.RequestMappingHandlerAdapter.handleInternal(RequestMappingHandlerAdapter.java:896) ~[spring-webmvc-6.2.15.jar:6.2.15]
	at org.springframework.web.servlet.mvc.method.AbstractHandlerMethodAdapter.handle(AbstractHandlerMethodAdapter.java:87) ~[spring-webmvc-6.2.15.jar:6.2.15]
	at org.springframework.web.servlet.DispatcherServlet.doDispatch(DispatcherServlet.java:1089) ~[spring-webmvc-6.2.15.jar:6.2.15]
	at org.springframework.web.servlet.DispatcherServlet.doService(DispatcherServlet.java:979) ~[spring-webmvc-6.2.15.jar:6.2.15]
	at org.springframework.web.servlet.FrameworkServlet.processRequest(FrameworkServlet.java:1014) ~[spring-webmvc-6.2.15.jar:6.2.15]
	at org.springframework.web.servlet.FrameworkServlet.doGet(FrameworkServlet.java:903) ~[spring-webmvc-6.2.15.jar:6.2.15]
	at jakarta.servlet.http.HttpServlet.service(HttpServlet.java:564) ~[tomcat-embed-core-10.1.50.jar:6.0]
	at org.springframework.web.servlet.FrameworkServlet.service(FrameworkServlet.java:885) ~[spring-webmvc-6.2.15.jar:6.2.15]
	at jakarta.servlet.http.HttpServlet.service(HttpServlet.java:658) ~[tomcat-embed-core-10.1.50.jar:6.0]
	at org.apache.catalina.core.ApplicationFilterChain.internalDoFilter(ApplicationFilterChain.java:193) ~[tomcat-embed-core-10.1.50.jar:10.1.50]
	at org.apache.catalina.core.ApplicationFilterChain.doFilter(ApplicationFilterChain.java:138) ~[tomcat-embed-core-10.1.50.jar:10.1.50]
	at org.apache.tomcat.websocket.server.WsFilter.doFilter(WsFilter.java:51) ~[tomcat-embed-websocket-10.1.50.jar:10.1.50]
	at org.apache.catalina.core.ApplicationFilterChain.internalDoFilter(ApplicationFilterChain.java:162) ~[tomcat-embed-core-10.1.50.jar:10.1.50]
	at org.apache.catalina.core.ApplicationFilterChain.doFilter(ApplicationFilterChain.java:138) ~[tomcat-embed-core-10.1.50.jar:10.1.50]
	at org.springframework.web.filter.RequestContextFilter.doFilterInternal(RequestContextFilter.java:100) ~[spring-web-6.2.15.jar:6.2.15]
	at org.springframework.web.filter.OncePerRequestFilter.doFilter(OncePerRequestFilter.java:116) ~[spring-web-6.2.15.jar:6.2.15]
	at org.apache.catalina.core.ApplicationFilterChain.internalDoFilter(ApplicationFilterChain.java:162) ~[tomcat-embed-core-10.1.50.jar:10.1.50]
	at org.apache.catalina.core.ApplicationFilterChain.doFilter(ApplicationFilterChain.java:138) ~[tomcat-embed-core-10.1.50.jar:10.1.50]
	at org.springframework.web.filter.FormContentFilter.doFilterInternal(FormContentFilter.java:93) ~[spring-web-6.2.15.jar:6.2.15]
	at org.springframework.web.filter.OncePerRequestFilter.doFilter(OncePerRequestFilter.java:116) ~[spring-web-6.2.15.jar:6.2.15]
	at org.apache.catalina.core.ApplicationFilterChain.internalDoFilter(ApplicationFilterChain.java:162) ~[tomcat-embed-core-10.1.50.jar:10.1.50]
	at org.apache.catalina.core.ApplicationFilterChain.doFilter(ApplicationFilterChain.java:138) ~[tomcat-embed-core-10.1.50.jar:10.1.50]
	at org.springframework.web.filter.CharacterEncodingFilter.doFilterInternal(CharacterEncodingFilter.java:201) ~[spring-web-6.2.15.jar:6.2.15]
	at org.springframework.web.filter.OncePerRequestFilter.doFilter(OncePerRequestFilter.java:116) ~[spring-web-6.2.15.jar:6.2.15]
	at org.apache.catalina.core.ApplicationFilterChain.internalDoFilter(ApplicationFilterChain.java:162) ~[tomcat-embed-core-10.1.50.jar:10.1.50]
	at org.apache.catalina.core.ApplicationFilterChain.doFilter(ApplicationFilterChain.java:138) ~[tomcat-embed-core-10.1.50.jar:10.1.50]
	at org.apache.catalina.core.StandardWrapperValve.invoke(StandardWrapperValve.java:165) ~[tomcat-embed-core-10.1.50.jar:10.1.50]
	at org.apache.catalina.core.StandardContextValve.invoke(StandardContextValve.java:88) ~[tomcat-embed-core-10.1.50.jar:10.1.50]
	at org.apache.catalina.authenticator.AuthenticatorBase.invoke(AuthenticatorBase.java:482) ~[tomcat-embed-core-10.1.50.jar:10.1.50]
	at org.apache.catalina.core.StandardHostValve.invoke(StandardHostValve.java:113) ~[tomcat-embed-core-10.1.50.jar:10.1.50]
	at org.apache.catalina.valves.ErrorReportValve.invoke(ErrorReportValve.java:83) ~[tomcat-embed-core-10.1.50.jar:10.1.50]
	at org.apache.catalina.core.StandardEngineValve.invoke(StandardEngineValve.java:72) ~[tomcat-embed-core-10.1.50.jar:10.1.50]
	at org.apache.catalina.connector.CoyoteAdapter.service(CoyoteAdapter.java:342) ~[tomcat-embed-core-10.1.50.jar:10.1.50]
	at org.apache.coyote.http11.Http11Processor.service(Http11Processor.java:399) ~[tomcat-embed-core-10.1.50.jar:10.1.50]
	at org.apache.coyote.AbstractProcessorLight.process(AbstractProcessorLight.java:63) ~[tomcat-embed-core-10.1.50.jar:10.1.50]
	at org.apache.coyote.AbstractProtocol$ConnectionHandler.process(AbstractProtocol.java:903) ~[tomcat-embed-core-10.1.50.jar:10.1.50]
	at org.apache.tomcat.util.net.NioEndpoint$SocketProcessor.doRun(NioEndpoint.java:1774) ~[tomcat-embed-core-10.1.50.jar:10.1.50]
	at org.apache.tomcat.util.net.SocketProcessorBase.run(SocketProcessorBase.java:52) ~[tomcat-embed-core-10.1.50.jar:10.1.50]
	at org.apache.tomcat.util.threads.ThreadPoolExecutor.runWorker(ThreadPoolExecutor.java:973) ~[tomcat-embed-core-10.1.50.jar:10.1.50]
	at org.apache.tomcat.util.threads.ThreadPoolExecutor$Worker.run(ThreadPoolExecutor.java:491) ~[tomcat-embed-core-10.1.50.jar:10.1.50]
	at org.apache.tomcat.util.threads.TaskThread$WrappingRunnable.run(TaskThread.java:63) ~[tomcat-embed-core-10.1.50.jar:10.1.50]
	at java.base/java.lang.Thread.run(Thread.java:833) ~[na:na]

2025-12-24T12:00:10.955+08:00  INFO 24800 --- [http-nio-8080-exec-8] c.s.b.controller.UserController          : controller
2025-12-24T12:00:10.956+08:00  INFO 24800 --- [http-nio-8080-exec-8] c.s.b.service.impl.UserServiceImpl       : userInfo is null
2025-12-24T12:00:10.957+08:00 ERROR 24800 --- [http-nio-8080-exec-8] c.s.b.common.advice.ExceptionAdvice      : 【系统异常】{}

BlogException(code=-1, errMsg=用户不存在)
	at com.spring.blogsystem.service.impl.UserServiceImpl.checkPassword(UserServiceImpl.java:33) ~[classes/:na]
	at com.spring.blogsystem.controller.UserController.login(UserController.java:26) ~[classes/:na]
	at java.base/jdk.internal.reflect.DirectMethodHandleAccessor.invoke(DirectMethodHandleAccessor.java:104) ~[na:na]
	at java.base/java.lang.reflect.Method.invoke(Method.java:577) ~[na:na]
	at org.springframework.web.method.support.InvocableHandlerMethod.doInvoke(InvocableHandlerMethod.java:258) ~[spring-web-6.2.15.jar:6.2.15]
	at org.springframework.web.method.support.InvocableHandlerMethod.invokeForRequest(InvocableHandlerMethod.java:191) ~[spring-web-6.2.15.jar:6.2.15]
	at org.springframework.web.servlet.mvc.method.annotation.ServletInvocableHandlerMethod.invokeAndHandle(ServletInvocableHandlerMethod.java:118) ~[spring-webmvc-6.2.15.jar:6.2.15]
	at org.springframework.web.servlet.mvc.method.annotation.RequestMappingHandlerAdapter.invokeHandlerMethod(RequestMappingHandlerAdapter.java:991) ~[spring-webmvc-6.2.15.jar:6.2.15]
	at org.springframework.web.servlet.mvc.method.annotation.RequestMappingHandlerAdapter.handleInternal(RequestMappingHandlerAdapter.java:896) ~[spring-webmvc-6.2.15.jar:6.2.15]
	at org.springframework.web.servlet.mvc.method.AbstractHandlerMethodAdapter.handle(AbstractHandlerMethodAdapter.java:87) ~[spring-webmvc-6.2.15.jar:6.2.15]
	at org.springframework.web.servlet.DispatcherServlet.doDispatch(DispatcherServlet.java:1089) ~[spring-webmvc-6.2.15.jar:6.2.15]
	at org.springframework.web.servlet.DispatcherServlet.doService(DispatcherServlet.java:979) ~[spring-webmvc-6.2.15.jar:6.2.15]
	at org.springframework.web.servlet.FrameworkServlet.processRequest(FrameworkServlet.java:1014) ~[spring-webmvc-6.2.15.jar:6.2.15]
	at org.springframework.web.servlet.FrameworkServlet.doGet(FrameworkServlet.java:903) ~[spring-webmvc-6.2.15.jar:6.2.15]
	at jakarta.servlet.http.HttpServlet.service(HttpServlet.java:564) ~[tomcat-embed-core-10.1.50.jar:6.0]
	at org.springframework.web.servlet.FrameworkServlet.service(FrameworkServlet.java:885) ~[spring-webmvc-6.2.15.jar:6.2.15]
	at jakarta.servlet.http.HttpServlet.service(HttpServlet.java:658) ~[tomcat-embed-core-10.1.50.jar:6.0]
	at org.apache.catalina.core.ApplicationFilterChain.internalDoFilter(ApplicationFilterChain.java:193) ~[tomcat-embed-core-10.1.50.jar:10.1.50]
	at org.apache.catalina.core.ApplicationFilterChain.doFilter(ApplicationFilterChain.java:138) ~[tomcat-embed-core-10.1.50.jar:10.1.50]
	at org.apache.tomcat.websocket.server.WsFilter.doFilter(WsFilter.java:51) ~[tomcat-embed-websocket-10.1.50.jar:10.1.50]
	at org.apache.catalina.core.ApplicationFilterChain.internalDoFilter(ApplicationFilterChain.java:162) ~[tomcat-embed-core-10.1.50.jar:10.1.50]
	at org.apache.catalina.core.ApplicationFilterChain.doFilter(ApplicationFilterChain.java:138) ~[tomcat-embed-core-10.1.50.jar:10.1.50]
	at org.springframework.web.filter.RequestContextFilter.doFilterInternal(RequestContextFilter.java:100) ~[spring-web-6.2.15.jar:6.2.15]
	at org.springframework.web.filter.OncePerRequestFilter.doFilter(OncePerRequestFilter.java:116) ~[spring-web-6.2.15.jar:6.2.15]
	at org.apache.catalina.core.ApplicationFilterChain.internalDoFilter(ApplicationFilterChain.java:162) ~[tomcat-embed-core-10.1.50.jar:10.1.50]
	at org.apache.catalina.core.ApplicationFilterChain.doFilter(ApplicationFilterChain.java:138) ~[tomcat-embed-core-10.1.50.jar:10.1.50]
	at org.springframework.web.filter.FormContentFilter.doFilterInternal(FormContentFilter.java:93) ~[spring-web-6.2.15.jar:6.2.15]
	at org.springframework.web.filter.OncePerRequestFilter.doFilter(OncePerRequestFilter.java:116) ~[spring-web-6.2.15.jar:6.2.15]
	at org.apache.catalina.core.ApplicationFilterChain.internalDoFilter(ApplicationFilterChain.java:162) ~[tomcat-embed-core-10.1.50.jar:10.1.50]
	at org.apache.catalina.core.ApplicationFilterChain.doFilter(ApplicationFilterChain.java:138) ~[tomcat-embed-core-10.1.50.jar:10.1.50]
	at org.springframework.web.filter.CharacterEncodingFilter.doFilterInternal(CharacterEncodingFilter.java:201) ~[spring-web-6.2.15.jar:6.2.15]
	at org.springframework.web.filter.OncePerRequestFilter.doFilter(OncePerRequestFilter.java:116) ~[spring-web-6.2.15.jar:6.2.15]
	at org.apache.catalina.core.ApplicationFilterChain.internalDoFilter(ApplicationFilterChain.java:162) ~[tomcat-embed-core-10.1.50.jar:10.1.50]
	at org.apache.catalina.core.ApplicationFilterChain.doFilter(ApplicationFilterChain.java:138) ~[tomcat-embed-core-10.1.50.jar:10.1.50]
	at org.apache.catalina.core.StandardWrapperValve.invoke(StandardWrapperValve.java:165) ~[tomcat-embed-core-10.1.50.jar:10.1.50]
	at org.apache.catalina.core.StandardContextValve.invoke(StandardContextValve.java:88) ~[tomcat-embed-core-10.1.50.jar:10.1.50]
	at org.apache.catalina.authenticator.AuthenticatorBase.invoke(AuthenticatorBase.java:482) ~[tomcat-embed-core-10.1.50.jar:10.1.50]
	at org.apache.catalina.core.StandardHostValve.invoke(StandardHostValve.java:113) ~[tomcat-embed-core-10.1.50.jar:10.1.50]
	at org.apache.catalina.valves.ErrorReportValve.invoke(ErrorReportValve.java:83) ~[tomcat-embed-core-10.1.50.jar:10.1.50]
	at org.apache.catalina.core.StandardEngineValve.invoke(StandardEngineValve.java:72) ~[tomcat-embed-core-10.1.50.jar:10.1.50]
	at org.apache.catalina.connector.CoyoteAdapter.service(CoyoteAdapter.java:342) ~[tomcat-embed-core-10.1.50.jar:10.1.50]
	at org.apache.coyote.http11.Http11Processor.service(Http11Processor.java:399) ~[tomcat-embed-core-10.1.50.jar:10.1.50]
	at org.apache.coyote.AbstractProcessorLight.process(AbstractProcessorLight.java:63) ~[tomcat-embed-core-10.1.50.jar:10.1.50]
	at org.apache.coyote.AbstractProtocol$ConnectionHandler.process(AbstractProtocol.java:903) ~[tomcat-embed-core-10.1.50.jar:10.1.50]
	at org.apache.tomcat.util.net.NioEndpoint$SocketProcessor.doRun(NioEndpoint.java:1774) ~[tomcat-embed-core-10.1.50.jar:10.1.50]
	at org.apache.tomcat.util.net.SocketProcessorBase.run(SocketProcessorBase.java:52) ~[tomcat-embed-core-10.1.50.jar:10.1.50]
	at org.apache.tomcat.util.threads.ThreadPoolExecutor.runWorker(ThreadPoolExecutor.java:973) ~[tomcat-embed-core-10.1.50.jar:10.1.50]
	at org.apache.tomcat.util.threads.ThreadPoolExecutor$Worker.run(ThreadPoolExecutor.java:491) ~[tomcat-embed-core-10.1.50.jar:10.1.50]
	at org.apache.tomcat.util.threads.TaskThread$WrappingRunnable.run(TaskThread.java:63) ~[tomcat-embed-core-10.1.50.jar:10.1.50]
	at java.base/java.lang.Thread.run(Thread.java:833) ~[na:na]

2025-12-24T12:00:12.017+08:00  INFO 24800 --- [http-nio-8080-exec-9] c.s.b.controller.UserController          : controller
2025-12-24T12:00:12.020+08:00  INFO 24800 --- [http-nio-8080-exec-9] c.s.b.service.impl.UserServiceImpl       : userInfo is null
2025-12-24T12:00:12.020+08:00 ERROR 24800 --- [http-nio-8080-exec-9] c.s.b.common.advice.ExceptionAdvice      : 【系统异常】{}

BlogException(code=-1, errMsg=用户不存在)
	at com.spring.blogsystem.service.impl.UserServiceImpl.checkPassword(UserServiceImpl.java:33) ~[classes/:na]
	at com.spring.blogsystem.controller.UserController.login(UserController.java:26) ~[classes/:na]
	at java.base/jdk.internal.reflect.DirectMethodHandleAccessor.invoke(DirectMethodHandleAccessor.java:104) ~[na:na]
	at java.base/java.lang.reflect.Method.invoke(Method.java:577) ~[na:na]
	at org.springframework.web.method.support.InvocableHandlerMethod.doInvoke(InvocableHandlerMethod.java:258) ~[spring-web-6.2.15.jar:6.2.15]
	at org.springframework.web.method.support.InvocableHandlerMethod.invokeForRequest(InvocableHandlerMethod.java:191) ~[spring-web-6.2.15.jar:6.2.15]
	at org.springframework.web.servlet.mvc.method.annotation.ServletInvocableHandlerMethod.invokeAndHandle(ServletInvocableHandlerMethod.java:118) ~[spring-webmvc-6.2.15.jar:6.2.15]
	at org.springframework.web.servlet.mvc.method.annotation.RequestMappingHandlerAdapter.invokeHandlerMethod(RequestMappingHandlerAdapter.java:991) ~[spring-webmvc-6.2.15.jar:6.2.15]
	at org.springframework.web.servlet.mvc.method.annotation.RequestMappingHandlerAdapter.handleInternal(RequestMappingHandlerAdapter.java:896) ~[spring-webmvc-6.2.15.jar:6.2.15]
	at org.springframework.web.servlet.mvc.method.AbstractHandlerMethodAdapter.handle(AbstractHandlerMethodAdapter.java:87) ~[spring-webmvc-6.2.15.jar:6.2.15]
	at org.springframework.web.servlet.DispatcherServlet.doDispatch(DispatcherServlet.java:1089) ~[spring-webmvc-6.2.15.jar:6.2.15]
	at org.springframework.web.servlet.DispatcherServlet.doService(DispatcherServlet.java:979) ~[spring-webmvc-6.2.15.jar:6.2.15]
	at org.springframework.web.servlet.FrameworkServlet.processRequest(FrameworkServlet.java:1014) ~[spring-webmvc-6.2.15.jar:6.2.15]
	at org.springframework.web.servlet.FrameworkServlet.doGet(FrameworkServlet.java:903) ~[spring-webmvc-6.2.15.jar:6.2.15]
	at jakarta.servlet.http.HttpServlet.service(HttpServlet.java:564) ~[tomcat-embed-core-10.1.50.jar:6.0]
	at org.springframework.web.servlet.FrameworkServlet.service(FrameworkServlet.java:885) ~[spring-webmvc-6.2.15.jar:6.2.15]
	at jakarta.servlet.http.HttpServlet.service(HttpServlet.java:658) ~[tomcat-embed-core-10.1.50.jar:6.0]
	at org.apache.catalina.core.ApplicationFilterChain.internalDoFilter(ApplicationFilterChain.java:193) ~[tomcat-embed-core-10.1.50.jar:10.1.50]
	at org.apache.catalina.core.ApplicationFilterChain.doFilter(ApplicationFilterChain.java:138) ~[tomcat-embed-core-10.1.50.jar:10.1.50]
	at org.apache.tomcat.websocket.server.WsFilter.doFilter(WsFilter.java:51) ~[tomcat-embed-websocket-10.1.50.jar:10.1.50]
	at org.apache.catalina.core.ApplicationFilterChain.internalDoFilter(ApplicationFilterChain.java:162) ~[tomcat-embed-core-10.1.50.jar:10.1.50]
	at org.apache.catalina.core.ApplicationFilterChain.doFilter(ApplicationFilterChain.java:138) ~[tomcat-embed-core-10.1.50.jar:10.1.50]
	at org.springframework.web.filter.RequestContextFilter.doFilterInternal(RequestContextFilter.java:100) ~[spring-web-6.2.15.jar:6.2.15]
	at org.springframework.web.filter.OncePerRequestFilter.doFilter(OncePerRequestFilter.java:116) ~[spring-web-6.2.15.jar:6.2.15]
	at org.apache.catalina.core.ApplicationFilterChain.internalDoFilter(ApplicationFilterChain.java:162) ~[tomcat-embed-core-10.1.50.jar:10.1.50]
	at org.apache.catalina.core.ApplicationFilterChain.doFilter(ApplicationFilterChain.java:138) ~[tomcat-embed-core-10.1.50.jar:10.1.50]
	at org.springframework.web.filter.FormContentFilter.doFilterInternal(FormContentFilter.java:93) ~[spring-web-6.2.15.jar:6.2.15]
	at org.springframework.web.filter.OncePerRequestFilter.doFilter(OncePerRequestFilter.java:116) ~[spring-web-6.2.15.jar:6.2.15]
	at org.apache.catalina.core.ApplicationFilterChain.internalDoFilter(ApplicationFilterChain.java:162) ~[tomcat-embed-core-10.1.50.jar:10.1.50]
	at org.apache.catalina.core.ApplicationFilterChain.doFilter(ApplicationFilterChain.java:138) ~[tomcat-embed-core-10.1.50.jar:10.1.50]
	at org.springframework.web.filter.CharacterEncodingFilter.doFilterInternal(CharacterEncodingFilter.java:201) ~[spring-web-6.2.15.jar:6.2.15]
	at org.springframework.web.filter.OncePerRequestFilter.doFilter(OncePerRequestFilter.java:116) ~[spring-web-6.2.15.jar:6.2.15]
	at org.apache.catalina.core.ApplicationFilterChain.internalDoFilter(ApplicationFilterChain.java:162) ~[tomcat-embed-core-10.1.50.jar:10.1.50]
	at org.apache.catalina.core.ApplicationFilterChain.doFilter(ApplicationFilterChain.java:138) ~[tomcat-embed-core-10.1.50.jar:10.1.50]
	at org.apache.catalina.core.StandardWrapperValve.invoke(StandardWrapperValve.java:165) ~[tomcat-embed-core-10.1.50.jar:10.1.50]
	at org.apache.catalina.core.StandardContextValve.invoke(StandardContextValve.java:88) ~[tomcat-embed-core-10.1.50.jar:10.1.50]
	at org.apache.catalina.authenticator.AuthenticatorBase.invoke(AuthenticatorBase.java:482) ~[tomcat-embed-core-10.1.50.jar:10.1.50]
	at org.apache.catalina.core.StandardHostValve.invoke(StandardHostValve.java:113) ~[tomcat-embed-core-10.1.50.jar:10.1.50]
	at org.apache.catalina.valves.ErrorReportValve.invoke(ErrorReportValve.java:83) ~[tomcat-embed-core-10.1.50.jar:10.1.50]
	at org.apache.catalina.core.StandardEngineValve.invoke(StandardEngineValve.java:72) ~[tomcat-embed-core-10.1.50.jar:10.1.50]
	at org.apache.catalina.connector.CoyoteAdapter.service(CoyoteAdapter.java:342) ~[tomcat-embed-core-10.1.50.jar:10.1.50]
	at org.apache.coyote.http11.Http11Processor.service(Http11Processor.java:399) ~[tomcat-embed-core-10.1.50.jar:10.1.50]
	at org.apache.coyote.AbstractProcessorLight.process(AbstractProcessorLight.java:63) ~[tomcat-embed-core-10.1.50.jar:10.1.50]
	at org.apache.coyote.AbstractProtocol$ConnectionHandler.process(AbstractProtocol.java:903) ~[tomcat-embed-core-10.1.50.jar:10.1.50]
	at org.apache.tomcat.util.net.NioEndpoint$SocketProcessor.doRun(NioEndpoint.java:1774) ~[tomcat-embed-core-10.1.50.jar:10.1.50]
	at org.apache.tomcat.util.net.SocketProcessorBase.run(SocketProcessorBase.java:52) ~[tomcat-embed-core-10.1.50.jar:10.1.50]
	at org.apache.tomcat.util.threads.ThreadPoolExecutor.runWorker(ThreadPoolExecutor.java:973) ~[tomcat-embed-core-10.1.50.jar:10.1.50]
	at org.apache.tomcat.util.threads.ThreadPoolExecutor$Worker.run(ThreadPoolExecutor.java:491) ~[tomcat-embed-core-10.1.50.jar:10.1.50]
	at org.apache.tomcat.util.threads.TaskThread$WrappingRunnable.run(TaskThread.java:63) ~[tomcat-embed-core-10.1.50.jar:10.1.50]
	at java.base/java.lang.Thread.run(Thread.java:833) ~[na:na]

2025-12-24T12:01:04.119+08:00  INFO 24800 --- [SpringApplicationShutdownHook] o.s.b.w.e.tomcat.GracefulShutdown        : Commencing graceful shutdown. Waiting for active requests to complete
2025-12-24T12:01:04.276+08:00  INFO 24800 --- [tomcat-shutdown] o.s.b.w.e.tomcat.GracefulShutdown        : Graceful shutdown complete
2025-12-24T12:01:04.279+08:00  INFO 24800 --- [SpringApplicationShutdownHook] com.zaxxer.hikari.HikariDataSource       : HikariPool-1 - Shutdown initiated...
2025-12-24T12:01:04.283+08:00  INFO 24800 --- [SpringApplicationShutdownHook] com.zaxxer.hikari.HikariDataSource       : HikariPool-1 - Shutdown completed.
2025-12-24T12:01:07.193+08:00  INFO 5144 --- [main] c.s.blogsystem.BlogsystemApplication     : Starting BlogsystemApplication using Java 18 with PID 5144 (D:\codeC\java-int\JDK18\bit_courseJAVA\JavaEE\blogsystem\target\classes started by 47894 in D:\codeC\java-int\JDK18\bit_courseJAVA\JavaEE\blogsystem)
2025-12-24T12:01:07.194+08:00  INFO 5144 --- [main] c.s.blogsystem.BlogsystemApplication     : No active profile set, falling back to 1 default profile: "default"
2025-12-24T12:01:07.782+08:00  INFO 5144 --- [main] o.s.b.w.embedded.tomcat.TomcatWebServer  : Tomcat initialized with port 8080 (http)
2025-12-24T12:01:07.790+08:00  INFO 5144 --- [main] o.apache.catalina.core.StandardService   : Starting service [Tomcat]
2025-12-24T12:01:07.790+08:00  INFO 5144 --- [main] o.apache.catalina.core.StandardEngine    : Starting Servlet engine: [Apache Tomcat/10.1.50]
2025-12-24T12:01:07.820+08:00  INFO 5144 --- [main] o.a.c.c.C.[Tomcat].[localhost].[/]       : Initializing Spring embedded WebApplicationContext
2025-12-24T12:01:07.820+08:00  INFO 5144 --- [main] w.s.c.ServletWebServerApplicationContext : Root WebApplicationContext: initialization completed in 601 ms
2025-12-24T12:01:08.202+08:00  INFO 5144 --- [main] o.s.b.w.embedded.tomcat.TomcatWebServer  : Tomcat started on port 8080 (http) with context path '/'
2025-12-24T12:01:08.206+08:00  INFO 5144 --- [main] c.s.blogsystem.BlogsystemApplication     : Started BlogsystemApplication in 1.316 seconds (process running for 1.753)
2025-12-24T12:01:09.830+08:00  INFO 5144 --- [http-nio-8080-exec-3] o.a.c.c.C.[Tomcat].[localhost].[/]       : Initializing Spring DispatcherServlet 'dispatcherServlet'
2025-12-24T12:01:09.831+08:00  INFO 5144 --- [http-nio-8080-exec-3] o.s.web.servlet.DispatcherServlet        : Initializing Servlet 'dispatcherServlet'
2025-12-24T12:01:09.831+08:00  INFO 5144 --- [http-nio-8080-exec-3] o.s.web.servlet.DispatcherServlet        : Completed initialization in 0 ms
2025-12-24T12:01:09.881+08:00  INFO 5144 --- [http-nio-8080-exec-3] c.s.b.controller.UserController          : controller
2025-12-24T12:01:09.926+08:00  INFO 5144 --- [http-nio-8080-exec-3] com.zaxxer.hikari.HikariDataSource       : HikariPool-1 - Starting...
2025-12-24T12:01:10.011+08:00  INFO 5144 --- [http-nio-8080-exec-3] com.zaxxer.hikari.pool.HikariPool        : HikariPool-1 - Added connection com.mysql.cj.jdbc.ConnectionImpl@eec835e
2025-12-24T12:01:10.012+08:00  INFO 5144 --- [http-nio-8080-exec-3] com.zaxxer.hikari.HikariDataSource       : HikariPool-1 - Start completed.
2025-12-24T12:01:10.042+08:00  INFO 5144 --- [http-nio-8080-exec-3] c.s.b.service.impl.UserServiceImpl       : userInfo is null
2025-12-24T12:01:10.044+08:00 ERROR 5144 --- [http-nio-8080-exec-3] c.s.b.common.advice.ExceptionAdvice      : 【抛出异常被捕获】{}

BlogException(code=-1, errMsg=用户不存在)
	at com.spring.blogsystem.service.impl.UserServiceImpl.checkPassword(UserServiceImpl.java:33) ~[classes/:na]
	at com.spring.blogsystem.controller.UserController.login(UserController.java:26) ~[classes/:na]
	at java.base/jdk.internal.reflect.DirectMethodHandleAccessor.invoke(DirectMethodHandleAccessor.java:104) ~[na:na]
	at java.base/java.lang.reflect.Method.invoke(Method.java:577) ~[na:na]
	at org.springframework.web.method.support.InvocableHandlerMethod.doInvoke(InvocableHandlerMethod.java:258) ~[spring-web-6.2.15.jar:6.2.15]
	at org.springframework.web.method.support.InvocableHandlerMethod.invokeForRequest(InvocableHandlerMethod.java:191) ~[spring-web-6.2.15.jar:6.2.15]
	at org.springframework.web.servlet.mvc.method.annotation.ServletInvocableHandlerMethod.invokeAndHandle(ServletInvocableHandlerMethod.java:118) ~[spring-webmvc-6.2.15.jar:6.2.15]
	at org.springframework.web.servlet.mvc.method.annotation.RequestMappingHandlerAdapter.invokeHandlerMethod(RequestMappingHandlerAdapter.java:991) ~[spring-webmvc-6.2.15.jar:6.2.15]
	at org.springframework.web.servlet.mvc.method.annotation.RequestMappingHandlerAdapter.handleInternal(RequestMappingHandlerAdapter.java:896) ~[spring-webmvc-6.2.15.jar:6.2.15]
	at org.springframework.web.servlet.mvc.method.AbstractHandlerMethodAdapter.handle(AbstractHandlerMethodAdapter.java:87) ~[spring-webmvc-6.2.15.jar:6.2.15]
	at org.springframework.web.servlet.DispatcherServlet.doDispatch(DispatcherServlet.java:1089) ~[spring-webmvc-6.2.15.jar:6.2.15]
	at org.springframework.web.servlet.DispatcherServlet.doService(DispatcherServlet.java:979) ~[spring-webmvc-6.2.15.jar:6.2.15]
	at org.springframework.web.servlet.FrameworkServlet.processRequest(FrameworkServlet.java:1014) ~[spring-webmvc-6.2.15.jar:6.2.15]
	at org.springframework.web.servlet.FrameworkServlet.doGet(FrameworkServlet.java:903) ~[spring-webmvc-6.2.15.jar:6.2.15]
	at jakarta.servlet.http.HttpServlet.service(HttpServlet.java:564) ~[tomcat-embed-core-10.1.50.jar:6.0]
	at org.springframework.web.servlet.FrameworkServlet.service(FrameworkServlet.java:885) ~[spring-webmvc-6.2.15.jar:6.2.15]
	at jakarta.servlet.http.HttpServlet.service(HttpServlet.java:658) ~[tomcat-embed-core-10.1.50.jar:6.0]
	at org.apache.catalina.core.ApplicationFilterChain.internalDoFilter(ApplicationFilterChain.java:193) ~[tomcat-embed-core-10.1.50.jar:10.1.50]
	at org.apache.catalina.core.ApplicationFilterChain.doFilter(ApplicationFilterChain.java:138) ~[tomcat-embed-core-10.1.50.jar:10.1.50]
	at org.apache.tomcat.websocket.server.WsFilter.doFilter(WsFilter.java:51) ~[tomcat-embed-websocket-10.1.50.jar:10.1.50]
	at org.apache.catalina.core.ApplicationFilterChain.internalDoFilter(ApplicationFilterChain.java:162) ~[tomcat-embed-core-10.1.50.jar:10.1.50]
	at org.apache.catalina.core.ApplicationFilterChain.doFilter(ApplicationFilterChain.java:138) ~[tomcat-embed-core-10.1.50.jar:10.1.50]
	at org.springframework.web.filter.RequestContextFilter.doFilterInternal(RequestContextFilter.java:100) ~[spring-web-6.2.15.jar:6.2.15]
	at org.springframework.web.filter.OncePerRequestFilter.doFilter(OncePerRequestFilter.java:116) ~[spring-web-6.2.15.jar:6.2.15]
	at org.apache.catalina.core.ApplicationFilterChain.internalDoFilter(ApplicationFilterChain.java:162) ~[tomcat-embed-core-10.1.50.jar:10.1.50]
	at org.apache.catalina.core.ApplicationFilterChain.doFilter(ApplicationFilterChain.java:138) ~[tomcat-embed-core-10.1.50.jar:10.1.50]
	at org.springframework.web.filter.FormContentFilter.doFilterInternal(FormContentFilter.java:93) ~[spring-web-6.2.15.jar:6.2.15]
	at org.springframework.web.filter.OncePerRequestFilter.doFilter(OncePerRequestFilter.java:116) ~[spring-web-6.2.15.jar:6.2.15]
	at org.apache.catalina.core.ApplicationFilterChain.internalDoFilter(ApplicationFilterChain.java:162) ~[tomcat-embed-core-10.1.50.jar:10.1.50]
	at org.apache.catalina.core.ApplicationFilterChain.doFilter(ApplicationFilterChain.java:138) ~[tomcat-embed-core-10.1.50.jar:10.1.50]
	at org.springframework.web.filter.CharacterEncodingFilter.doFilterInternal(CharacterEncodingFilter.java:201) ~[spring-web-6.2.15.jar:6.2.15]
	at org.springframework.web.filter.OncePerRequestFilter.doFilter(OncePerRequestFilter.java:116) ~[spring-web-6.2.15.jar:6.2.15]
	at org.apache.catalina.core.ApplicationFilterChain.internalDoFilter(ApplicationFilterChain.java:162) ~[tomcat-embed-core-10.1.50.jar:10.1.50]
	at org.apache.catalina.core.ApplicationFilterChain.doFilter(ApplicationFilterChain.java:138) ~[tomcat-embed-core-10.1.50.jar:10.1.50]
	at org.apache.catalina.core.StandardWrapperValve.invoke(StandardWrapperValve.java:165) ~[tomcat-embed-core-10.1.50.jar:10.1.50]
	at org.apache.catalina.core.StandardContextValve.invoke(StandardContextValve.java:88) ~[tomcat-embed-core-10.1.50.jar:10.1.50]
	at org.apache.catalina.authenticator.AuthenticatorBase.invoke(AuthenticatorBase.java:482) ~[tomcat-embed-core-10.1.50.jar:10.1.50]
	at org.apache.catalina.core.StandardHostValve.invoke(StandardHostValve.java:113) ~[tomcat-embed-core-10.1.50.jar:10.1.50]
	at org.apache.catalina.valves.ErrorReportValve.invoke(ErrorReportValve.java:83) ~[tomcat-embed-core-10.1.50.jar:10.1.50]
	at org.apache.catalina.core.StandardEngineValve.invoke(StandardEngineValve.java:72) ~[tomcat-embed-core-10.1.50.jar:10.1.50]
	at org.apache.catalina.connector.CoyoteAdapter.service(CoyoteAdapter.java:342) ~[tomcat-embed-core-10.1.50.jar:10.1.50]
	at org.apache.coyote.http11.Http11Processor.service(Http11Processor.java:399) ~[tomcat-embed-core-10.1.50.jar:10.1.50]
	at org.apache.coyote.AbstractProcessorLight.process(AbstractProcessorLight.java:63) ~[tomcat-embed-core-10.1.50.jar:10.1.50]
	at org.apache.coyote.AbstractProtocol$ConnectionHandler.process(AbstractProtocol.java:903) ~[tomcat-embed-core-10.1.50.jar:10.1.50]
	at org.apache.tomcat.util.net.NioEndpoint$SocketProcessor.doRun(NioEndpoint.java:1774) ~[tomcat-embed-core-10.1.50.jar:10.1.50]
	at org.apache.tomcat.util.net.SocketProcessorBase.run(SocketProcessorBase.java:52) ~[tomcat-embed-core-10.1.50.jar:10.1.50]
	at org.apache.tomcat.util.threads.ThreadPoolExecutor.runWorker(ThreadPoolExecutor.java:973) ~[tomcat-embed-core-10.1.50.jar:10.1.50]
	at org.apache.tomcat.util.threads.ThreadPoolExecutor$Worker.run(ThreadPoolExecutor.java:491) ~[tomcat-embed-core-10.1.50.jar:10.1.50]
	at org.apache.tomcat.util.threads.TaskThread$WrappingRunnable.run(TaskThread.java:63) ~[tomcat-embed-core-10.1.50.jar:10.1.50]
	at java.base/java.lang.Thread.run(Thread.java:833) ~[na:na]

2025-12-24T12:01:23.452+08:00  INFO 5144 --- [http-nio-8080-exec-2] c.s.b.controller.UserController          : controller
2025-12-24T12:01:23.457+08:00  INFO 5144 --- [http-nio-8080-exec-2] c.s.b.service.impl.UserServiceImpl       : userInfo is null
2025-12-24T12:01:23.458+08:00 ERROR 5144 --- [http-nio-8080-exec-2] c.s.b.common.advice.ExceptionAdvice      : 【抛出异常被捕获】{}

BlogException(code=-1, errMsg=用户不存在)
	at com.spring.blogsystem.service.impl.UserServiceImpl.checkPassword(UserServiceImpl.java:33) ~[classes/:na]
	at com.spring.blogsystem.controller.UserController.login(UserController.java:26) ~[classes/:na]
	at java.base/jdk.internal.reflect.DirectMethodHandleAccessor.invoke(DirectMethodHandleAccessor.java:104) ~[na:na]
	at java.base/java.lang.reflect.Method.invoke(Method.java:577) ~[na:na]
	at org.springframework.web.method.support.InvocableHandlerMethod.doInvoke(InvocableHandlerMethod.java:258) ~[spring-web-6.2.15.jar:6.2.15]
	at org.springframework.web.method.support.InvocableHandlerMethod.invokeForRequest(InvocableHandlerMethod.java:191) ~[spring-web-6.2.15.jar:6.2.15]
	at org.springframework.web.servlet.mvc.method.annotation.ServletInvocableHandlerMethod.invokeAndHandle(ServletInvocableHandlerMethod.java:118) ~[spring-webmvc-6.2.15.jar:6.2.15]
	at org.springframework.web.servlet.mvc.method.annotation.RequestMappingHandlerAdapter.invokeHandlerMethod(RequestMappingHandlerAdapter.java:991) ~[spring-webmvc-6.2.15.jar:6.2.15]
	at org.springframework.web.servlet.mvc.method.annotation.RequestMappingHandlerAdapter.handleInternal(RequestMappingHandlerAdapter.java:896) ~[spring-webmvc-6.2.15.jar:6.2.15]
	at org.springframework.web.servlet.mvc.method.AbstractHandlerMethodAdapter.handle(AbstractHandlerMethodAdapter.java:87) ~[spring-webmvc-6.2.15.jar:6.2.15]
	at org.springframework.web.servlet.DispatcherServlet.doDispatch(DispatcherServlet.java:1089) ~[spring-webmvc-6.2.15.jar:6.2.15]
	at org.springframework.web.servlet.DispatcherServlet.doService(DispatcherServlet.java:979) ~[spring-webmvc-6.2.15.jar:6.2.15]
	at org.springframework.web.servlet.FrameworkServlet.processRequest(FrameworkServlet.java:1014) ~[spring-webmvc-6.2.15.jar:6.2.15]
	at org.springframework.web.servlet.FrameworkServlet.doGet(FrameworkServlet.java:903) ~[spring-webmvc-6.2.15.jar:6.2.15]
	at jakarta.servlet.http.HttpServlet.service(HttpServlet.java:564) ~[tomcat-embed-core-10.1.50.jar:6.0]
	at org.springframework.web.servlet.FrameworkServlet.service(FrameworkServlet.java:885) ~[spring-webmvc-6.2.15.jar:6.2.15]
	at jakarta.servlet.http.HttpServlet.service(HttpServlet.java:658) ~[tomcat-embed-core-10.1.50.jar:6.0]
	at org.apache.catalina.core.ApplicationFilterChain.internalDoFilter(ApplicationFilterChain.java:193) ~[tomcat-embed-core-10.1.50.jar:10.1.50]
	at org.apache.catalina.core.ApplicationFilterChain.doFilter(ApplicationFilterChain.java:138) ~[tomcat-embed-core-10.1.50.jar:10.1.50]
	at org.apache.tomcat.websocket.server.WsFilter.doFilter(WsFilter.java:51) ~[tomcat-embed-websocket-10.1.50.jar:10.1.50]
	at org.apache.catalina.core.ApplicationFilterChain.internalDoFilter(ApplicationFilterChain.java:162) ~[tomcat-embed-core-10.1.50.jar:10.1.50]
	at org.apache.catalina.core.ApplicationFilterChain.doFilter(ApplicationFilterChain.java:138) ~[tomcat-embed-core-10.1.50.jar:10.1.50]
	at org.springframework.web.filter.RequestContextFilter.doFilterInternal(RequestContextFilter.java:100) ~[spring-web-6.2.15.jar:6.2.15]
	at org.springframework.web.filter.OncePerRequestFilter.doFilter(OncePerRequestFilter.java:116) ~[spring-web-6.2.15.jar:6.2.15]
	at org.apache.catalina.core.ApplicationFilterChain.internalDoFilter(ApplicationFilterChain.java:162) ~[tomcat-embed-core-10.1.50.jar:10.1.50]
	at org.apache.catalina.core.ApplicationFilterChain.doFilter(ApplicationFilterChain.java:138) ~[tomcat-embed-core-10.1.50.jar:10.1.50]
	at org.springframework.web.filter.FormContentFilter.doFilterInternal(FormContentFilter.java:93) ~[spring-web-6.2.15.jar:6.2.15]
	at org.springframework.web.filter.OncePerRequestFilter.doFilter(OncePerRequestFilter.java:116) ~[spring-web-6.2.15.jar:6.2.15]
	at org.apache.catalina.core.ApplicationFilterChain.internalDoFilter(ApplicationFilterChain.java:162) ~[tomcat-embed-core-10.1.50.jar:10.1.50]
	at org.apache.catalina.core.ApplicationFilterChain.doFilter(ApplicationFilterChain.java:138) ~[tomcat-embed-core-10.1.50.jar:10.1.50]
	at org.springframework.web.filter.CharacterEncodingFilter.doFilterInternal(CharacterEncodingFilter.java:201) ~[spring-web-6.2.15.jar:6.2.15]
	at org.springframework.web.filter.OncePerRequestFilter.doFilter(OncePerRequestFilter.java:116) ~[spring-web-6.2.15.jar:6.2.15]
	at org.apache.catalina.core.ApplicationFilterChain.internalDoFilter(ApplicationFilterChain.java:162) ~[tomcat-embed-core-10.1.50.jar:10.1.50]
	at org.apache.catalina.core.ApplicationFilterChain.doFilter(ApplicationFilterChain.java:138) ~[tomcat-embed-core-10.1.50.jar:10.1.50]
	at org.apache.catalina.core.StandardWrapperValve.invoke(StandardWrapperValve.java:165) ~[tomcat-embed-core-10.1.50.jar:10.1.50]
	at org.apache.catalina.core.StandardContextValve.invoke(StandardContextValve.java:88) ~[tomcat-embed-core-10.1.50.jar:10.1.50]
	at org.apache.catalina.authenticator.AuthenticatorBase.invoke(AuthenticatorBase.java:482) ~[tomcat-embed-core-10.1.50.jar:10.1.50]
	at org.apache.catalina.core.StandardHostValve.invoke(StandardHostValve.java:113) ~[tomcat-embed-core-10.1.50.jar:10.1.50]
	at org.apache.catalina.valves.ErrorReportValve.invoke(ErrorReportValve.java:83) ~[tomcat-embed-core-10.1.50.jar:10.1.50]
	at org.apache.catalina.core.StandardEngineValve.invoke(StandardEngineValve.java:72) ~[tomcat-embed-core-10.1.50.jar:10.1.50]
	at org.apache.catalina.connector.CoyoteAdapter.service(CoyoteAdapter.java:342) ~[tomcat-embed-core-10.1.50.jar:10.1.50]
	at org.apache.coyote.http11.Http11Processor.service(Http11Processor.java:399) ~[tomcat-embed-core-10.1.50.jar:10.1.50]
	at org.apache.coyote.AbstractProcessorLight.process(AbstractProcessorLight.java:63) ~[tomcat-embed-core-10.1.50.jar:10.1.50]
	at org.apache.coyote.AbstractProtocol$ConnectionHandler.process(AbstractProtocol.java:903) ~[tomcat-embed-core-10.1.50.jar:10.1.50]
	at org.apache.tomcat.util.net.NioEndpoint$SocketProcessor.doRun(NioEndpoint.java:1774) ~[tomcat-embed-core-10.1.50.jar:10.1.50]
	at org.apache.tomcat.util.net.SocketProcessorBase.run(SocketProcessorBase.java:52) ~[tomcat-embed-core-10.1.50.jar:10.1.50]
	at org.apache.tomcat.util.threads.ThreadPoolExecutor.runWorker(ThreadPoolExecutor.java:973) ~[tomcat-embed-core-10.1.50.jar:10.1.50]
	at org.apache.tomcat.util.threads.ThreadPoolExecutor$Worker.run(ThreadPoolExecutor.java:491) ~[tomcat-embed-core-10.1.50.jar:10.1.50]
	at org.apache.tomcat.util.threads.TaskThread$WrappingRunnable.run(TaskThread.java:63) ~[tomcat-embed-core-10.1.50.jar:10.1.50]
	at java.base/java.lang.Thread.run(Thread.java:833) ~[na:na]

2025-12-24T12:01:29.068+08:00  INFO 5144 --- [http-nio-8080-exec-4] c.s.b.controller.UserController          : controller
2025-12-24T12:01:29.090+08:00  INFO 5144 --- [http-nio-8080-exec-4] c.s.b.service.impl.UserServiceImpl       : success
2025-12-24T12:05:07.280+08:00  INFO 5144 --- [SpringApplicationShutdownHook] o.s.b.w.e.tomcat.GracefulShutdown        : Commencing graceful shutdown. Waiting for active requests to complete
2025-12-24T12:05:07.373+08:00  INFO 5144 --- [tomcat-shutdown] o.s.b.w.e.tomcat.GracefulShutdown        : Graceful shutdown complete
2025-12-24T12:05:07.377+08:00  INFO 5144 --- [SpringApplicationShutdownHook] com.zaxxer.hikari.HikariDataSource       : HikariPool-1 - Shutdown initiated...
2025-12-24T12:05:07.382+08:00  INFO 5144 --- [SpringApplicationShutdownHook] com.zaxxer.hikari.HikariDataSource       : HikariPool-1 - Shutdown completed.
2025-12-24T12:21:52.124+08:00  INFO 5556 --- [main] c.s.blogsystem.BlogsystemApplication     : Starting BlogsystemApplication using Java 18 with PID 5556 (D:\codeC\java-int\JDK18\bit_courseJAVA\JavaEE\blogsystem\target\classes started by 47894 in D:\codeC\java-int\JDK18\bit_courseJAVA\JavaEE\blogsystem)
2025-12-24T12:21:52.125+08:00  INFO 5556 --- [main] c.s.blogsystem.BlogsystemApplication     : No active profile set, falling back to 1 default profile: "default"
2025-12-24T12:21:52.804+08:00  INFO 5556 --- [main] o.s.b.w.embedded.tomcat.TomcatWebServer  : Tomcat initialized with port 8080 (http)
2025-12-24T12:21:52.811+08:00  INFO 5556 --- [main] o.apache.catalina.core.StandardService   : Starting service [Tomcat]
2025-12-24T12:21:52.812+08:00  INFO 5556 --- [main] o.apache.catalina.core.StandardEngine    : Starting Servlet engine: [Apache Tomcat/10.1.50]
2025-12-24T12:21:52.842+08:00  INFO 5556 --- [main] o.a.c.c.C.[Tomcat].[localhost].[/]       : Initializing Spring embedded WebApplicationContext
2025-12-24T12:21:52.842+08:00  INFO 5556 --- [main] w.s.c.ServletWebServerApplicationContext : Root WebApplicationContext: initialization completed in 686 ms
2025-12-24T12:21:53.241+08:00  INFO 5556 --- [main] o.s.b.w.embedded.tomcat.TomcatWebServer  : Tomcat started on port 8080 (http) with context path '/'
2025-12-24T12:21:53.250+08:00  INFO 5556 --- [main] c.s.blogsystem.BlogsystemApplication     : Started BlogsystemApplication in 1.444 seconds (process running for 1.865)
2025-12-24T12:22:05.223+08:00  INFO 5556 --- [http-nio-8080-exec-2] o.a.c.c.C.[Tomcat].[localhost].[/]       : Initializing Spring DispatcherServlet 'dispatcherServlet'
2025-12-24T12:22:05.226+08:00  INFO 5556 --- [http-nio-8080-exec-2] o.s.web.servlet.DispatcherServlet        : Initializing Servlet 'dispatcherServlet'
2025-12-24T12:22:05.237+08:00  INFO 5556 --- [http-nio-8080-exec-2] o.s.web.servlet.DispatcherServlet        : Completed initialization in 11 ms
2025-12-24T12:22:05.253+08:00  INFO 5556 --- [http-nio-8080-exec-2] c.s.b.c.intercepter.LoginInterceptor     : 空token
2025-12-24T12:22:10.051+08:00  INFO 5556 --- [http-nio-8080-exec-5] c.s.b.controller.UserController          : controller
2025-12-24T12:22:10.111+08:00  INFO 5556 --- [http-nio-8080-exec-5] com.zaxxer.hikari.HikariDataSource       : HikariPool-1 - Starting...
2025-12-24T12:22:10.224+08:00  INFO 5556 --- [http-nio-8080-exec-5] com.zaxxer.hikari.pool.HikariPool        : HikariPool-1 - Added connection com.mysql.cj.jdbc.ConnectionImpl@7a87aab6
2025-12-24T12:22:10.225+08:00  INFO 5556 --- [http-nio-8080-exec-5] com.zaxxer.hikari.HikariDataSource       : HikariPool-1 - Start completed.
2025-12-24T12:22:10.273+08:00  INFO 5556 --- [http-nio-8080-exec-5] c.s.b.service.impl.UserServiceImpl       : success
2025-12-24T12:22:14.260+08:00  INFO 5556 --- [http-nio-8080-exec-4] c.s.b.c.intercepter.LoginInterceptor     : 空token
2025-12-24T12:22:16.024+08:00  INFO 5556 --- [http-nio-8080-exec-3] c.s.b.c.intercepter.LoginInterceptor     : 空token
2025-12-24T12:23:31.831+08:00  WARN 5556 --- [http-nio-8080-exec-7] .w.s.m.s.DefaultHandlerExceptionResolver : Resolved [org.springframework.web.HttpMediaTypeNotSupportedException: Content-Type 'text/plain;charset=UTF-8' is not supported]
2025-12-24T12:23:49.725+08:00  WARN 5556 --- [http-nio-8080-exec-8] .w.s.m.s.DefaultHandlerExceptionResolver : Resolved [org.springframework.web.HttpMediaTypeNotSupportedException: Content-Type 'text/plain;charset=UTF-8' is not supported]
2025-12-24T12:24:01.279+08:00  INFO 5556 --- [SpringApplicationShutdownHook] o.s.b.w.e.tomcat.GracefulShutdown        : Commencing graceful shutdown. Waiting for active requests to complete
2025-12-24T12:24:01.401+08:00  INFO 5556 --- [tomcat-shutdown] o.s.b.w.e.tomcat.GracefulShutdown        : Graceful shutdown complete
2025-12-24T12:24:01.406+08:00  INFO 5556 --- [SpringApplicationShutdownHook] com.zaxxer.hikari.HikariDataSource       : HikariPool-1 - Shutdown initiated...
2025-12-24T12:24:01.411+08:00  INFO 5556 --- [SpringApplicationShutdownHook] com.zaxxer.hikari.HikariDataSource       : HikariPool-1 - Shutdown completed.
2025-12-24T12:24:03.156+08:00  INFO 23032 --- [main] c.s.blogsystem.BlogsystemApplication     : Starting BlogsystemApplication using Java 18 with PID 23032 (D:\codeC\java-int\JDK18\bit_courseJAVA\JavaEE\blogsystem\target\classes started by 47894 in D:\codeC\java-int\JDK18\bit_courseJAVA\JavaEE\blogsystem)
2025-12-24T12:24:03.157+08:00  INFO 23032 --- [main] c.s.blogsystem.BlogsystemApplication     : No active profile set, falling back to 1 default profile: "default"
2025-12-24T12:24:03.785+08:00  INFO 23032 --- [main] o.s.b.w.embedded.tomcat.TomcatWebServer  : Tomcat initialized with port 8080 (http)
2025-12-24T12:24:03.793+08:00  INFO 23032 --- [main] o.apache.catalina.core.StandardService   : Starting service [Tomcat]
2025-12-24T12:24:03.793+08:00  INFO 23032 --- [main] o.apache.catalina.core.StandardEngine    : Starting Servlet engine: [Apache Tomcat/10.1.50]
2025-12-24T12:24:03.819+08:00  INFO 23032 --- [main] o.a.c.c.C.[Tomcat].[localhost].[/]       : Initializing Spring embedded WebApplicationContext
2025-12-24T12:24:03.820+08:00  INFO 23032 --- [main] w.s.c.ServletWebServerApplicationContext : Root WebApplicationContext: initialization completed in 633 ms
2025-12-24T12:24:04.221+08:00  INFO 23032 --- [main] o.s.b.w.embedded.tomcat.TomcatWebServer  : Tomcat started on port 8080 (http) with context path '/'
2025-12-24T12:24:04.228+08:00  INFO 23032 --- [main] c.s.blogsystem.BlogsystemApplication     : Started BlogsystemApplication in 1.422 seconds (process running for 1.849)
2025-12-24T12:24:05.344+08:00  INFO 23032 --- [http-nio-8080-exec-1] o.a.c.c.C.[Tomcat].[localhost].[/]       : Initializing Spring DispatcherServlet 'dispatcherServlet'
2025-12-24T12:24:05.344+08:00  INFO 23032 --- [http-nio-8080-exec-1] o.s.web.servlet.DispatcherServlet        : Initializing Servlet 'dispatcherServlet'
2025-12-24T12:24:05.345+08:00  INFO 23032 --- [http-nio-8080-exec-1] o.s.web.servlet.DispatcherServlet        : Completed initialization in 0 ms
2025-12-24T12:24:05.367+08:00  WARN 23032 --- [http-nio-8080-exec-1] .w.s.m.s.DefaultHandlerExceptionResolver : Resolved [org.springframework.web.HttpMediaTypeNotSupportedException: Content-Type 'text/plain;charset=UTF-8' is not supported]
2025-12-24T12:24:17.558+08:00  WARN 23032 --- [http-nio-8080-exec-2] .w.s.m.s.DefaultHandlerExceptionResolver : Resolved [org.springframework.http.converter.HttpMessageNotReadableException: Required request body is missing: public com.spring.blogsystem.pojo.response.UserLoginResponse com.spring.blogsystem.controller.UserController.login(com.spring.blogsystem.pojo.request.UserLoginRequest)]
2025-12-24T12:24:35.226+08:00  INFO 23032 --- [http-nio-8080-exec-6] c.s.b.c.intercepter.LoginInterceptor     : 空token
2025-12-24T12:24:45.394+08:00  INFO 23032 --- [http-nio-8080-exec-4] c.s.b.controller.UserController          : controller
2025-12-24T12:24:45.445+08:00  INFO 23032 --- [http-nio-8080-exec-4] com.zaxxer.hikari.HikariDataSource       : HikariPool-1 - Starting...
2025-12-24T12:24:45.529+08:00  INFO 23032 --- [http-nio-8080-exec-4] com.zaxxer.hikari.pool.HikariPool        : HikariPool-1 - Added connection com.mysql.cj.jdbc.ConnectionImpl@7651b957
2025-12-24T12:24:45.530+08:00  INFO 23032 --- [http-nio-8080-exec-4] com.zaxxer.hikari.HikariDataSource       : HikariPool-1 - Start completed.
2025-12-24T12:24:45.564+08:00  INFO 23032 --- [http-nio-8080-exec-4] c.s.b.service.impl.UserServiceImpl       : success
2025-12-24T12:24:55.782+08:00  WARN 23032 --- [http-nio-8080-exec-5] .w.s.m.s.DefaultHandlerExceptionResolver : Resolved [org.springframework.http.converter.HttpMessageNotReadableException: Required request body is missing: public com.spring.blogsystem.pojo.response.UserLoginResponse com.spring.blogsystem.controller.UserController.login(com.spring.blogsystem.pojo.request.UserLoginRequest)]
2025-12-24T12:24:57.021+08:00  WARN 23032 --- [http-nio-8080-exec-8] .w.s.m.s.DefaultHandlerExceptionResolver : Resolved [org.springframework.http.converter.HttpMessageNotReadableException: Required request body is missing: public com.spring.blogsystem.pojo.response.UserLoginResponse com.spring.blogsystem.controller.UserController.login(com.spring.blogsystem.pojo.request.UserLoginRequest)]
2025-12-24T12:25:04.328+08:00  INFO 23032 --- [http-nio-8080-exec-10] c.s.b.controller.UserController          : controller
2025-12-24T12:25:04.331+08:00  INFO 23032 --- [http-nio-8080-exec-10] c.s.b.service.impl.UserServiceImpl       : success
2025-12-24T12:25:07.073+08:00  INFO 23032 --- [http-nio-8080-exec-1] c.s.b.controller.UserController          : controller
2025-12-24T12:25:07.076+08:00  INFO 23032 --- [http-nio-8080-exec-1] c.s.b.service.impl.UserServiceImpl       : success
2025-12-24T12:25:08.764+08:00  INFO 23032 --- [http-nio-8080-exec-2] c.s.b.controller.UserController          : controller
2025-12-24T12:25:08.767+08:00  INFO 23032 --- [http-nio-8080-exec-2] c.s.b.service.impl.UserServiceImpl       : success
2025-12-24T12:25:58.174+08:00  INFO 23032 --- [http-nio-8080-exec-3] c.s.b.c.intercepter.LoginInterceptor     : 空token
2025-12-24T12:26:19.665+08:00  INFO 23032 --- [http-nio-8080-exec-6] c.s.b.c.intercepter.LoginInterceptor     : 空token
2025-12-24T12:26:43.766+08:00  INFO 23032 --- [http-nio-8080-exec-4] c.s.b.c.intercepter.LoginInterceptor     : 空token
2025-12-24T12:26:44.781+08:00  INFO 23032 --- [http-nio-8080-exec-5] c.s.b.c.intercepter.LoginInterceptor     : 空token
2025-12-24T12:26:45.511+08:00  INFO 23032 --- [http-nio-8080-exec-7] c.s.b.c.intercepter.LoginInterceptor     : 空token
2025-12-24T12:28:29.839+08:00  INFO 23032 --- [http-nio-8080-exec-2] c.s.b.c.intercepter.LoginInterceptor     : 空token
2025-12-24T12:28:53.829+08:00  INFO 23032 --- [SpringApplicationShutdownHook] o.s.b.w.e.tomcat.GracefulShutdown        : Commencing graceful shutdown. Waiting for active requests to complete
2025-12-24T12:28:53.920+08:00  INFO 23032 --- [tomcat-shutdown] o.s.b.w.e.tomcat.GracefulShutdown        : Graceful shutdown complete
2025-12-24T12:28:53.925+08:00  INFO 23032 --- [SpringApplicationShutdownHook] com.zaxxer.hikari.HikariDataSource       : HikariPool-1 - Shutdown initiated...
2025-12-24T12:28:53.929+08:00  INFO 23032 --- [SpringApplicationShutdownHook] com.zaxxer.hikari.HikariDataSource       : HikariPool-1 - Shutdown completed.
2025-12-24T12:28:55.534+08:00  INFO 3428 --- [main] c.s.blogsystem.BlogsystemApplication     : Starting BlogsystemApplication using Java 18 with PID 3428 (D:\codeC\java-int\JDK18\bit_courseJAVA\JavaEE\blogsystem\target\classes started by 47894 in D:\codeC\java-int\JDK18\bit_courseJAVA\JavaEE\blogsystem)
2025-12-24T12:28:55.535+08:00  INFO 3428 --- [main] c.s.blogsystem.BlogsystemApplication     : No active profile set, falling back to 1 default profile: "default"
2025-12-24T12:28:56.124+08:00  INFO 3428 --- [main] o.s.b.w.embedded.tomcat.TomcatWebServer  : Tomcat initialized with port 8080 (http)
2025-12-24T12:28:56.131+08:00  INFO 3428 --- [main] o.apache.catalina.core.StandardService   : Starting service [Tomcat]
2025-12-24T12:28:56.131+08:00  INFO 3428 --- [main] o.apache.catalina.core.StandardEngine    : Starting Servlet engine: [Apache Tomcat/10.1.50]
2025-12-24T12:28:56.159+08:00  INFO 3428 --- [main] o.a.c.c.C.[Tomcat].[localhost].[/]       : Initializing Spring embedded WebApplicationContext
2025-12-24T12:28:56.159+08:00  INFO 3428 --- [main] w.s.c.ServletWebServerApplicationContext : Root WebApplicationContext: initialization completed in 599 ms
2025-12-24T12:28:56.562+08:00  INFO 3428 --- [main] o.s.b.w.embedded.tomcat.TomcatWebServer  : Tomcat started on port 8080 (http) with context path '/'
2025-12-24T12:28:56.571+08:00  INFO 3428 --- [main] c.s.blogsystem.BlogsystemApplication     : Started BlogsystemApplication in 1.336 seconds (process running for 1.749)
2025-12-24T12:28:58.905+08:00  INFO 3428 --- [http-nio-8080-exec-2] o.a.c.c.C.[Tomcat].[localhost].[/]       : Initializing Spring DispatcherServlet 'dispatcherServlet'
2025-12-24T12:28:58.905+08:00  INFO 3428 --- [http-nio-8080-exec-2] o.s.web.servlet.DispatcherServlet        : Initializing Servlet 'dispatcherServlet'
2025-12-24T12:28:58.906+08:00  INFO 3428 --- [http-nio-8080-exec-2] o.s.web.servlet.DispatcherServlet        : Completed initialization in 1 ms
2025-12-24T12:28:58.996+08:00  INFO 3428 --- [http-nio-8080-exec-2] com.zaxxer.hikari.HikariDataSource       : HikariPool-1 - Starting...
2025-12-24T12:28:59.079+08:00  INFO 3428 --- [http-nio-8080-exec-2] com.zaxxer.hikari.pool.HikariPool        : HikariPool-1 - Added connection com.mysql.cj.jdbc.ConnectionImpl@67988d2b
2025-12-24T12:28:59.080+08:00  INFO 3428 --- [http-nio-8080-exec-2] com.zaxxer.hikari.HikariDataSource       : HikariPool-1 - Start completed.
2025-12-24T12:29:15.060+08:00  INFO 3428 --- [http-nio-8080-exec-3] c.s.b.service.impl.UserServiceImpl       : success
2025-12-24T12:29:18.670+08:00  INFO 3428 --- [http-nio-8080-exec-4] c.s.b.service.impl.UserServiceImpl       : success
2025-12-24T12:29:23.316+08:00  INFO 3428 --- [http-nio-8080-exec-5] c.s.b.controller.UserController          : controller
2025-12-24T12:29:23.328+08:00  INFO 3428 --- [http-nio-8080-exec-5] c.s.b.service.impl.UserServiceImpl       : success
2025-12-24T12:29:30.741+08:00  INFO 3428 --- [http-nio-8080-exec-7] c.s.b.controller.UserController          : controller
2025-12-24T12:29:30.744+08:00  INFO 3428 --- [http-nio-8080-exec-7] c.s.b.service.impl.UserServiceImpl       : success
2025-12-24T12:29:42.418+08:00  INFO 3428 --- [http-nio-8080-exec-6] c.s.b.service.impl.UserServiceImpl       : success
2025-12-24T12:29:49.721+08:00  INFO 3428 --- [http-nio-8080-exec-8] c.s.b.service.impl.UserServiceImpl       : success
2025-12-24T12:30:26.326+08:00  INFO 3428 --- [SpringApplicationShutdownHook] o.s.b.w.e.tomcat.GracefulShutdown        : Commencing graceful shutdown. Waiting for active requests to complete
2025-12-24T12:30:26.416+08:00  INFO 3428 --- [tomcat-shutdown] o.s.b.w.e.tomcat.GracefulShutdown        : Graceful shutdown complete
2025-12-24T12:30:26.419+08:00  INFO 3428 --- [SpringApplicationShutdownHook] com.zaxxer.hikari.HikariDataSource       : HikariPool-1 - Shutdown initiated...
2025-12-24T12:30:26.422+08:00  INFO 3428 --- [SpringApplicationShutdownHook] com.zaxxer.hikari.HikariDataSource       : HikariPool-1 - Shutdown completed.
2025-12-24T12:30:29.977+08:00  INFO 27032 --- [main] c.s.blogsystem.BlogsystemApplication     : Starting BlogsystemApplication using Java 18 with PID 27032 (D:\codeC\java-int\JDK18\bit_courseJAVA\JavaEE\blogsystem\target\classes started by 47894 in D:\codeC\java-int\JDK18\bit_courseJAVA\JavaEE\blogsystem)
2025-12-24T12:30:29.979+08:00  INFO 27032 --- [main] c.s.blogsystem.BlogsystemApplication     : No active profile set, falling back to 1 default profile: "default"
2025-12-24T12:30:30.628+08:00  INFO 27032 --- [main] o.s.b.w.embedded.tomcat.TomcatWebServer  : Tomcat initialized with port 8080 (http)
2025-12-24T12:30:30.635+08:00  INFO 27032 --- [main] o.apache.catalina.core.StandardService   : Starting service [Tomcat]
2025-12-24T12:30:30.636+08:00  INFO 27032 --- [main] o.apache.catalina.core.StandardEngine    : Starting Servlet engine: [Apache Tomcat/10.1.50]
2025-12-24T12:30:30.674+08:00  INFO 27032 --- [main] o.a.c.c.C.[Tomcat].[localhost].[/]       : Initializing Spring embedded WebApplicationContext
2025-12-24T12:30:30.675+08:00  INFO 27032 --- [main] w.s.c.ServletWebServerApplicationContext : Root WebApplicationContext: initialization completed in 666 ms
2025-12-24T12:30:31.062+08:00  INFO 27032 --- [main] o.s.b.w.embedded.tomcat.TomcatWebServer  : Tomcat started on port 8080 (http) with context path '/'
2025-12-24T12:30:31.070+08:00  INFO 27032 --- [main] c.s.blogsystem.BlogsystemApplication     : Started BlogsystemApplication in 1.432 seconds (process running for 1.862)
2025-12-24T12:30:35.466+08:00  INFO 27032 --- [http-nio-8080-exec-2] o.a.c.c.C.[Tomcat].[localhost].[/]       : Initializing Spring DispatcherServlet 'dispatcherServlet'
2025-12-24T12:30:35.467+08:00  INFO 27032 --- [http-nio-8080-exec-2] o.s.web.servlet.DispatcherServlet        : Initializing Servlet 'dispatcherServlet'
2025-12-24T12:30:35.469+08:00  INFO 27032 --- [http-nio-8080-exec-2] o.s.web.servlet.DispatcherServlet        : Completed initialization in 2 ms
2025-12-24T12:30:35.523+08:00  INFO 27032 --- [http-nio-8080-exec-2] c.s.b.c.intercepter.LoginInterceptor     : token解析失败eyJhbGciOiJIUzUxMiJ9.eyJpZCI6MSwidXNlcm5hbWUiOiJ6aGFuZ3NhbiJ9.AM4qggFE2k_NWV1htqWZakzjuzDErj7_bVGMzHJ3PSjDtUIOXfofFMkpzC7IKbn682NE_K0gdjRu7mlSbRJH2P
2025-12-24T12:30:38.386+08:00  INFO 27032 --- [http-nio-8080-exec-3] c.s.b.c.intercepter.LoginInterceptor     : token解析失败eyJhbGciOiJIUzUxMiJ9.eyJpZCI6MSwidXNlcm5hbWUiOiJ6aGFuZ3NhbiJ9.AM4qggFE2k_NWV1htqWZakzjuzDErj7_bVGMzHJ3PSjDtUIOXfofFMkpzC7IKbn682NE_K0gdjRu7mlSbRJH2P
2025-12-24T14:33:34.105+08:00  INFO 27032 --- [SpringApplicationShutdownHook] o.s.b.w.e.tomcat.GracefulShutdown        : Commencing graceful shutdown. Waiting for active requests to complete
2025-12-24T14:33:34.239+08:00  INFO 27032 --- [tomcat-shutdown] o.s.b.w.e.tomcat.GracefulShutdown        : Graceful shutdown complete
2025-12-24T14:52:17.950+08:00  INFO 24976 --- [main] c.s.blogsystem.BlogsystemApplication     : Starting BlogsystemApplication using Java 18 with PID 24976 (D:\codeC\java-int\JDK18\bit_courseJAVA\JavaEE\blogsystem\target\classes started by 47894 in D:\codeC\java-int\JDK18\bit_courseJAVA\JavaEE\blogsystem)
2025-12-24T14:52:17.952+08:00  INFO 24976 --- [main] c.s.blogsystem.BlogsystemApplication     : No active profile set, falling back to 1 default profile: "default"
2025-12-24T14:52:18.569+08:00  INFO 24976 --- [main] o.s.b.w.embedded.tomcat.TomcatWebServer  : Tomcat initialized with port 8080 (http)
2025-12-24T14:52:18.578+08:00  INFO 24976 --- [main] o.apache.catalina.core.StandardService   : Starting service [Tomcat]
2025-12-24T14:52:18.579+08:00  INFO 24976 --- [main] o.apache.catalina.core.StandardEngine    : Starting Servlet engine: [Apache Tomcat/10.1.50]
2025-12-24T14:52:18.614+08:00  INFO 24976 --- [main] o.a.c.c.C.[Tomcat].[localhost].[/]       : Initializing Spring embedded WebApplicationContext
2025-12-24T14:52:18.615+08:00  INFO 24976 --- [main] w.s.c.ServletWebServerApplicationContext : Root WebApplicationContext: initialization completed in 635 ms
2025-12-24T14:52:19.037+08:00  INFO 24976 --- [main] o.s.b.w.embedded.tomcat.TomcatWebServer  : Tomcat started on port 8080 (http) with context path '/'
2025-12-24T14:52:19.043+08:00  INFO 24976 --- [main] c.s.blogsystem.BlogsystemApplication     : Started BlogsystemApplication in 1.397 seconds (process running for 1.847)
2025-12-24T14:52:20.419+08:00  INFO 24976 --- [http-nio-8080-exec-4] o.a.c.c.C.[Tomcat].[localhost].[/]       : Initializing Spring DispatcherServlet 'dispatcherServlet'
2025-12-24T14:52:20.419+08:00  INFO 24976 --- [http-nio-8080-exec-4] o.s.web.servlet.DispatcherServlet        : Initializing Servlet 'dispatcherServlet'
2025-12-24T14:52:20.421+08:00  INFO 24976 --- [http-nio-8080-exec-4] o.s.web.servlet.DispatcherServlet        : Completed initialization in 1 ms
2025-12-24T14:52:20.482+08:00  INFO 24976 --- [http-nio-8080-exec-4] c.s.b.c.intercepter.LoginInterceptor     : token解析失败eyJhbGciOiJIUzUxMiJ9.eyJpZCI6MSwidXNlcm5hbWUiOiJ6aGFuZ3NhbiJ9.AM4qggFE2k_NWV1htqWZakzjuzDErj7_bVGMzHJ3PSjDtUIOXfofFMkpzC7IKbn682NE_K0gdjRu7mlSbRJH2P
2025-12-24T14:52:29.138+08:00  INFO 24976 --- [http-nio-8080-exec-2] com.zaxxer.hikari.HikariDataSource       : HikariPool-1 - Starting...
2025-12-24T14:52:29.243+08:00  INFO 24976 --- [http-nio-8080-exec-2] com.zaxxer.hikari.pool.HikariPool        : HikariPool-1 - Added connection com.mysql.cj.jdbc.ConnectionImpl@3b4d54c7
2025-12-24T14:52:29.244+08:00  INFO 24976 --- [http-nio-8080-exec-2] com.zaxxer.hikari.HikariDataSource       : HikariPool-1 - Start completed.
2025-12-24T14:52:29.284+08:00  INFO 24976 --- [http-nio-8080-exec-2] c.s.b.service.impl.UserServiceImpl       : success
2025-12-24T14:52:43.346+08:00  INFO 24976 --- [http-nio-8080-exec-5] c.s.b.c.intercepter.LoginInterceptor     : token解析失败eyJhbGciOiJIUzUxMiJ9.eyJpZCI6MSwidXNlcm5hbWUiOiJ6aGFuZ3NhbiJ9.AM4qggFE2k_NWV1htqWZakzjuzDErj7_bVGMzHJ3PSjDtUIOXfofFMkpzC7IKbn682NE_K0gdjRu7mlSbRJH2P
2025-12-24T14:53:29.489+08:00  INFO 24976 --- [http-nio-8080-exec-3] c.s.b.c.intercepter.LoginInterceptor     : token解析失败eyJhbGciOiJIUzUxMiJ9.eyJpZCI6MSwidXNlcm5hbWUiOiJ6aGFuZ3NhbiJ9.AM4qggFE2k_NWV1htqWZakzjuzDErj7_bVGMzHJ3PSjDtUIOXfofFMkpzC7IKbn682NE_K0gdjRu7mlSbRJH2P
2025-12-24T14:53:38.259+08:00  INFO 24976 --- [http-nio-8080-exec-6] c.s.b.c.intercepter.LoginInterceptor     : token解析失败eyJhbGciOiJIUzUxMiJ9.eyJpZCI6MSwidXNlcm5hbWUiOiJ6aGFuZ3NhbiJ9.AM4qggFE2k_NWV1htqWZakzjuzDErj7_bVGMzHJ3PSjDtUIOXfofFMkpzC7IKbn682NE_K0gdjRu7mlSbRJH2P
2025-12-24T14:53:44.405+08:00  INFO 24976 --- [http-nio-8080-exec-7] c.s.b.service.impl.UserServiceImpl       : success
2025-12-24T14:53:49.560+08:00  INFO 24976 --- [http-nio-8080-exec-8] c.s.b.c.intercepter.LoginInterceptor     : token解析失败eyJhbGciOiJIUzUxMiJ9.eyJpZCI6MSwidXNlcm5hbWUiOiJ6aGFuZ3NhbiJ9.AM4qggFE2k_NWV1htqWZakzjuzDErj7_bVGMzHJ3PSjDtUIOXfofFMkpzC7IKbn682NE_K0gdjRu7mlSbRJH2P
2025-12-24T14:53:50.855+08:00  INFO 24976 --- [http-nio-8080-exec-9] c.s.b.c.intercepter.LoginInterceptor     : token解析失败eyJhbGciOiJIUzUxMiJ9.eyJpZCI6MSwidXNlcm5hbWUiOiJ6aGFuZ3NhbiJ9.AM4qggFE2k_NWV1htqWZakzjuzDErj7_bVGMzHJ3PSjDtUIOXfofFMkpzC7IKbn682NE_K0gdjRu7mlSbRJH2P
2025-12-24T14:54:05.206+08:00  INFO 24976 --- [http-nio-8080-exec-10] c.s.b.service.impl.UserServiceImpl       : userInfo is null
2025-12-24T14:54:05.207+08:00 ERROR 24976 --- [http-nio-8080-exec-10] c.s.b.common.advice.ExceptionAdvice      : 【抛出异常被捕获】{}

BlogException(code=-1, errMsg=用户不存在)
	at com.spring.blogsystem.service.impl.UserServiceImpl.getUserInfo(UserServiceImpl.java:91) ~[classes/:na]
	at com.spring.blogsystem.controller.UserController.getUserInfo(UserController.java:43) ~[classes/:na]
	at java.base/jdk.internal.reflect.DirectMethodHandleAccessor.invoke(DirectMethodHandleAccessor.java:104) ~[na:na]
	at java.base/java.lang.reflect.Method.invoke(Method.java:577) ~[na:na]
	at org.springframework.web.method.support.InvocableHandlerMethod.doInvoke(InvocableHandlerMethod.java:258) ~[spring-web-6.2.15.jar:6.2.15]
	at org.springframework.web.method.support.InvocableHandlerMethod.invokeForRequest(InvocableHandlerMethod.java:191) ~[spring-web-6.2.15.jar:6.2.15]
	at org.springframework.web.servlet.mvc.method.annotation.ServletInvocableHandlerMethod.invokeAndHandle(ServletInvocableHandlerMethod.java:118) ~[spring-webmvc-6.2.15.jar:6.2.15]
	at org.springframework.web.servlet.mvc.method.annotation.RequestMappingHandlerAdapter.invokeHandlerMethod(RequestMappingHandlerAdapter.java:991) ~[spring-webmvc-6.2.15.jar:6.2.15]
	at org.springframework.web.servlet.mvc.method.annotation.RequestMappingHandlerAdapter.handleInternal(RequestMappingHandlerAdapter.java:896) ~[spring-webmvc-6.2.15.jar:6.2.15]
	at org.springframework.web.servlet.mvc.method.AbstractHandlerMethodAdapter.handle(AbstractHandlerMethodAdapter.java:87) ~[spring-webmvc-6.2.15.jar:6.2.15]
	at org.springframework.web.servlet.DispatcherServlet.doDispatch(DispatcherServlet.java:1089) ~[spring-webmvc-6.2.15.jar:6.2.15]
	at org.springframework.web.servlet.DispatcherServlet.doService(DispatcherServlet.java:979) ~[spring-webmvc-6.2.15.jar:6.2.15]
	at org.springframework.web.servlet.FrameworkServlet.processRequest(FrameworkServlet.java:1014) ~[spring-webmvc-6.2.15.jar:6.2.15]
	at org.springframework.web.servlet.FrameworkServlet.doGet(FrameworkServlet.java:903) ~[spring-webmvc-6.2.15.jar:6.2.15]
	at jakarta.servlet.http.HttpServlet.service(HttpServlet.java:564) ~[tomcat-embed-core-10.1.50.jar:6.0]
	at org.springframework.web.servlet.FrameworkServlet.service(FrameworkServlet.java:885) ~[spring-webmvc-6.2.15.jar:6.2.15]
	at jakarta.servlet.http.HttpServlet.service(HttpServlet.java:658) ~[tomcat-embed-core-10.1.50.jar:6.0]
	at org.apache.catalina.core.ApplicationFilterChain.internalDoFilter(ApplicationFilterChain.java:193) ~[tomcat-embed-core-10.1.50.jar:10.1.50]
	at org.apache.catalina.core.ApplicationFilterChain.doFilter(ApplicationFilterChain.java:138) ~[tomcat-embed-core-10.1.50.jar:10.1.50]
	at org.apache.tomcat.websocket.server.WsFilter.doFilter(WsFilter.java:51) ~[tomcat-embed-websocket-10.1.50.jar:10.1.50]
	at org.apache.catalina.core.ApplicationFilterChain.internalDoFilter(ApplicationFilterChain.java:162) ~[tomcat-embed-core-10.1.50.jar:10.1.50]
	at org.apache.catalina.core.ApplicationFilterChain.doFilter(ApplicationFilterChain.java:138) ~[tomcat-embed-core-10.1.50.jar:10.1.50]
	at org.springframework.web.filter.RequestContextFilter.doFilterInternal(RequestContextFilter.java:100) ~[spring-web-6.2.15.jar:6.2.15]
	at org.springframework.web.filter.OncePerRequestFilter.doFilter(OncePerRequestFilter.java:116) ~[spring-web-6.2.15.jar:6.2.15]
	at org.apache.catalina.core.ApplicationFilterChain.internalDoFilter(ApplicationFilterChain.java:162) ~[tomcat-embed-core-10.1.50.jar:10.1.50]
	at org.apache.catalina.core.ApplicationFilterChain.doFilter(ApplicationFilterChain.java:138) ~[tomcat-embed-core-10.1.50.jar:10.1.50]
	at org.springframework.web.filter.FormContentFilter.doFilterInternal(FormContentFilter.java:93) ~[spring-web-6.2.15.jar:6.2.15]
	at org.springframework.web.filter.OncePerRequestFilter.doFilter(OncePerRequestFilter.java:116) ~[spring-web-6.2.15.jar:6.2.15]
	at org.apache.catalina.core.ApplicationFilterChain.internalDoFilter(ApplicationFilterChain.java:162) ~[tomcat-embed-core-10.1.50.jar:10.1.50]
	at org.apache.catalina.core.ApplicationFilterChain.doFilter(ApplicationFilterChain.java:138) ~[tomcat-embed-core-10.1.50.jar:10.1.50]
	at org.springframework.web.filter.CharacterEncodingFilter.doFilterInternal(CharacterEncodingFilter.java:201) ~[spring-web-6.2.15.jar:6.2.15]
	at org.springframework.web.filter.OncePerRequestFilter.doFilter(OncePerRequestFilter.java:116) ~[spring-web-6.2.15.jar:6.2.15]
	at org.apache.catalina.core.ApplicationFilterChain.internalDoFilter(ApplicationFilterChain.java:162) ~[tomcat-embed-core-10.1.50.jar:10.1.50]
	at org.apache.catalina.core.ApplicationFilterChain.doFilter(ApplicationFilterChain.java:138) ~[tomcat-embed-core-10.1.50.jar:10.1.50]
	at org.apache.catalina.core.StandardWrapperValve.invoke(StandardWrapperValve.java:165) ~[tomcat-embed-core-10.1.50.jar:10.1.50]
	at org.apache.catalina.core.StandardContextValve.invoke(StandardContextValve.java:88) ~[tomcat-embed-core-10.1.50.jar:10.1.50]
	at org.apache.catalina.authenticator.AuthenticatorBase.invoke(AuthenticatorBase.java:482) ~[tomcat-embed-core-10.1.50.jar:10.1.50]
	at org.apache.catalina.core.StandardHostValve.invoke(StandardHostValve.java:113) ~[tomcat-embed-core-10.1.50.jar:10.1.50]
	at org.apache.catalina.valves.ErrorReportValve.invoke(ErrorReportValve.java:83) ~[tomcat-embed-core-10.1.50.jar:10.1.50]
	at org.apache.catalina.core.StandardEngineValve.invoke(StandardEngineValve.java:72) ~[tomcat-embed-core-10.1.50.jar:10.1.50]
	at org.apache.catalina.connector.CoyoteAdapter.service(CoyoteAdapter.java:342) ~[tomcat-embed-core-10.1.50.jar:10.1.50]
	at org.apache.coyote.http11.Http11Processor.service(Http11Processor.java:399) ~[tomcat-embed-core-10.1.50.jar:10.1.50]
	at org.apache.coyote.AbstractProcessorLight.process(AbstractProcessorLight.java:63) ~[tomcat-embed-core-10.1.50.jar:10.1.50]
	at org.apache.coyote.AbstractProtocol$ConnectionHandler.process(AbstractProtocol.java:903) ~[tomcat-embed-core-10.1.50.jar:10.1.50]
	at org.apache.tomcat.util.net.NioEndpoint$SocketProcessor.doRun(NioEndpoint.java:1774) ~[tomcat-embed-core-10.1.50.jar:10.1.50]
	at org.apache.tomcat.util.net.SocketProcessorBase.run(SocketProcessorBase.java:52) ~[tomcat-embed-core-10.1.50.jar:10.1.50]
	at org.apache.tomcat.util.threads.ThreadPoolExecutor.runWorker(ThreadPoolExecutor.java:973) ~[tomcat-embed-core-10.1.50.jar:10.1.50]
	at org.apache.tomcat.util.threads.ThreadPoolExecutor$Worker.run(ThreadPoolExecutor.java:491) ~[tomcat-embed-core-10.1.50.jar:10.1.50]
	at org.apache.tomcat.util.threads.TaskThread$WrappingRunnable.run(TaskThread.java:63) ~[tomcat-embed-core-10.1.50.jar:10.1.50]
	at java.base/java.lang.Thread.run(Thread.java:833) ~[na:na]

2025-12-24T14:54:51.865+08:00  INFO 24976 --- [SpringApplicationShutdownHook] o.s.b.w.e.tomcat.GracefulShutdown        : Commencing graceful shutdown. Waiting for active requests to complete
2025-12-24T14:54:51.951+08:00  INFO 24976 --- [tomcat-shutdown] o.s.b.w.e.tomcat.GracefulShutdown        : Graceful shutdown complete
2025-12-24T14:54:51.954+08:00  INFO 24976 --- [SpringApplicationShutdownHook] com.zaxxer.hikari.HikariDataSource       : HikariPool-1 - Shutdown initiated...
2025-12-24T14:54:51.969+08:00  INFO 24976 --- [SpringApplicationShutdownHook] com.zaxxer.hikari.HikariDataSource       : HikariPool-1 - Shutdown completed.
2025-12-24T14:56:02.074+08:00  INFO 6228 --- [main] c.s.blogsystem.BlogsystemApplication     : Starting BlogsystemApplication using Java 18 with PID 6228 (D:\codeC\java-int\JDK18\bit_courseJAVA\JavaEE\blogsystem\target\classes started by 47894 in D:\codeC\java-int\JDK18\bit_courseJAVA\JavaEE\blogsystem)
2025-12-24T14:56:02.076+08:00  INFO 6228 --- [main] c.s.blogsystem.BlogsystemApplication     : No active profile set, falling back to 1 default profile: "default"
2025-12-24T14:56:02.624+08:00  INFO 6228 --- [main] o.s.b.w.embedded.tomcat.TomcatWebServer  : Tomcat initialized with port 8080 (http)
2025-12-24T14:56:02.631+08:00  INFO 6228 --- [main] o.apache.catalina.core.StandardService   : Starting service [Tomcat]
2025-12-24T14:56:02.631+08:00  INFO 6228 --- [main] o.apache.catalina.core.StandardEngine    : Starting Servlet engine: [Apache Tomcat/10.1.50]
2025-12-24T14:56:02.658+08:00  INFO 6228 --- [main] o.a.c.c.C.[Tomcat].[localhost].[/]       : Initializing Spring embedded WebApplicationContext
2025-12-24T14:56:02.658+08:00  INFO 6228 --- [main] w.s.c.ServletWebServerApplicationContext : Root WebApplicationContext: initialization completed in 554 ms
2025-12-24T14:56:03.023+08:00  INFO 6228 --- [main] o.s.b.w.embedded.tomcat.TomcatWebServer  : Tomcat started on port 8080 (http) with context path '/'
2025-12-24T14:56:03.031+08:00  INFO 6228 --- [main] c.s.blogsystem.BlogsystemApplication     : Started BlogsystemApplication in 1.242 seconds (process running for 1.618)
2025-12-24T14:56:05.830+08:00  INFO 6228 --- [http-nio-8080-exec-1] o.a.c.c.C.[Tomcat].[localhost].[/]       : Initializing Spring DispatcherServlet 'dispatcherServlet'
2025-12-24T14:56:05.830+08:00  INFO 6228 --- [http-nio-8080-exec-1] o.s.web.servlet.DispatcherServlet        : Initializing Servlet 'dispatcherServlet'
2025-12-24T14:56:05.830+08:00  INFO 6228 --- [http-nio-8080-exec-1] o.s.web.servlet.DispatcherServlet        : Completed initialization in 0 ms
2025-12-24T14:56:05.898+08:00  INFO 6228 --- [http-nio-8080-exec-1] com.zaxxer.hikari.HikariDataSource       : HikariPool-1 - Starting...
2025-12-24T14:56:05.980+08:00  INFO 6228 --- [http-nio-8080-exec-1] com.zaxxer.hikari.pool.HikariPool        : HikariPool-1 - Added connection com.mysql.cj.jdbc.ConnectionImpl@3de4f2c7
2025-12-24T14:56:05.982+08:00  INFO 6228 --- [http-nio-8080-exec-1] com.zaxxer.hikari.HikariDataSource       : HikariPool-1 - Start completed.
2025-12-24T15:08:19.250+08:00  INFO 6228 --- [SpringApplicationShutdownHook] o.s.b.w.e.tomcat.GracefulShutdown        : Commencing graceful shutdown. Waiting for active requests to complete
2025-12-24T15:08:19.346+08:00  INFO 6228 --- [tomcat-shutdown] o.s.b.w.e.tomcat.GracefulShutdown        : Graceful shutdown complete
2025-12-24T15:08:19.354+08:00  INFO 6228 --- [SpringApplicationShutdownHook] com.zaxxer.hikari.HikariDataSource       : HikariPool-1 - Shutdown initiated...
2025-12-24T15:08:19.369+08:00  INFO 6228 --- [SpringApplicationShutdownHook] com.zaxxer.hikari.HikariDataSource       : HikariPool-1 - Shutdown completed.
2025-12-24T15:19:38.535+08:00  INFO 19956 --- [main] c.s.blogsystem.BlogsystemApplication     : Starting BlogsystemApplication using Java 18 with PID 19956 (D:\codeC\java-int\JDK18\bit_courseJAVA\JavaEE\blogsystem\target\classes started by 47894 in D:\codeC\java-int\JDK18\bit_courseJAVA\JavaEE\blogsystem)
2025-12-24T15:19:38.537+08:00  INFO 19956 --- [main] c.s.blogsystem.BlogsystemApplication     : No active profile set, falling back to 1 default profile: "default"
2025-12-24T15:19:39.138+08:00  INFO 19956 --- [main] o.s.b.w.embedded.tomcat.TomcatWebServer  : Tomcat initialized with port 8080 (http)
2025-12-24T15:19:39.145+08:00  INFO 19956 --- [main] o.apache.catalina.core.StandardService   : Starting service [Tomcat]
2025-12-24T15:19:39.145+08:00  INFO 19956 --- [main] o.apache.catalina.core.StandardEngine    : Starting Servlet engine: [Apache Tomcat/10.1.50]
2025-12-24T15:19:39.171+08:00  INFO 19956 --- [main] o.a.c.c.C.[Tomcat].[localhost].[/]       : Initializing Spring embedded WebApplicationContext
2025-12-24T15:19:39.171+08:00  INFO 19956 --- [main] w.s.c.ServletWebServerApplicationContext : Root WebApplicationContext: initialization completed in 608 ms
2025-12-24T15:19:39.561+08:00  INFO 19956 --- [main] o.s.b.w.embedded.tomcat.TomcatWebServer  : Tomcat started on port 8080 (http) with context path '/'
2025-12-24T15:19:39.569+08:00  INFO 19956 --- [main] c.s.blogsystem.BlogsystemApplication     : Started BlogsystemApplication in 1.333 seconds (process running for 1.741)
2025-12-24T15:19:42.788+08:00  INFO 19956 --- [http-nio-8080-exec-3] o.a.c.c.C.[Tomcat].[localhost].[/]       : Initializing Spring DispatcherServlet 'dispatcherServlet'
2025-12-24T15:19:42.789+08:00  INFO 19956 --- [http-nio-8080-exec-3] o.s.web.servlet.DispatcherServlet        : Initializing Servlet 'dispatcherServlet'
2025-12-24T15:19:42.791+08:00  INFO 19956 --- [http-nio-8080-exec-3] o.s.web.servlet.DispatcherServlet        : Completed initialization in 2 ms
2025-12-24T15:19:42.861+08:00  INFO 19956 --- [http-nio-8080-exec-3] com.zaxxer.hikari.HikariDataSource       : HikariPool-1 - Starting...
2025-12-24T15:19:42.953+08:00  INFO 19956 --- [http-nio-8080-exec-3] com.zaxxer.hikari.pool.HikariPool        : HikariPool-1 - Added connection com.mysql.cj.jdbc.ConnectionImpl@40a93e59
2025-12-24T15:19:42.954+08:00  INFO 19956 --- [http-nio-8080-exec-3] com.zaxxer.hikari.HikariDataSource       : HikariPool-1 - Start completed.
2025-12-24T15:19:42.990+08:00  INFO 19956 --- [http-nio-8080-exec-3] c.s.b.service.impl.UserServiceImpl       : success
2025-12-24T15:20:05.240+08:00  WARN 19956 --- [http-nio-8080-exec-2] .w.s.m.s.DefaultHandlerExceptionResolver : Resolved [org.springframework.http.converter.HttpMessageNotReadableException: Required request body is missing: public boolean com.spring.blogsystem.controller.BlogController.add(com.spring.blogsystem.pojo.request.AddBlogRequest)]
2025-12-24T15:22:52.486+08:00  INFO 19956 --- [http-nio-8080-exec-7] c.s.b.c.intercepter.LoginInterceptor     : token解析失败1eyJhbGciOiJIUzUxMiJ9.eyJpZCI6MSwidXNlcm5hbWUiOiJ6aGFuZ3NhbiJ9.AM4qggFE2k_NWV1htqWZakzjuzDErj7_bVGMzHJ3PSjDtUIOXfofFMkpzC7IKbn682NE_K0gdjRu7mlSbRJH2Q
2025-12-24T15:23:49.908+08:00  INFO 19956 --- [SpringApplicationShutdownHook] o.s.b.w.e.tomcat.GracefulShutdown        : Commencing graceful shutdown. Waiting for active requests to complete
2025-12-24T15:23:50.003+08:00  INFO 19956 --- [tomcat-shutdown] o.s.b.w.e.tomcat.GracefulShutdown        : Graceful shutdown complete
2025-12-24T15:23:50.006+08:00  INFO 19956 --- [SpringApplicationShutdownHook] com.zaxxer.hikari.HikariDataSource       : HikariPool-1 - Shutdown initiated...
2025-12-24T15:23:50.011+08:00  INFO 19956 --- [SpringApplicationShutdownHook] com.zaxxer.hikari.HikariDataSource       : HikariPool-1 - Shutdown completed.
